<?xml version="1.0"?>
<?mso-application progid="Excel.Sheet"?>
<Workbook xmlns="urn:schemas-microsoft-com:office:spreadsheet"
 xmlns:o="urn:schemas-microsoft-com:office:office"
 xmlns:x="urn:schemas-microsoft-com:office:excel"
 xmlns:ss="urn:schemas-microsoft-com:office:spreadsheet"
 xmlns:html="http://www.w3.org/TR/REC-html40">
 <DocumentProperties xmlns="urn:schemas-microsoft-com:office:office">
  <Author>feng gao</Author>
  <LastAuthor>Jiarong Hong</LastAuthor>
  <Created>2023-01-08T15:16:17Z</Created>
  <LastSaved>2025-01-03T10:30:27Z</LastSaved>
  <Version>16.00</Version>
 </DocumentProperties>
 <OfficeDocumentSettings xmlns="urn:schemas-microsoft-com:office:office">
  <AllowPNG/>
 </OfficeDocumentSettings>
 <ExcelWorkbook xmlns="urn:schemas-microsoft-com:office:excel">
  <WindowHeight>17480</WindowHeight>
  <WindowWidth>29400</WindowWidth>
  <WindowTopX>32767</WindowTopX>
  <WindowTopY>760</WindowTopY>
  <ActiveSheet>1</ActiveSheet>
  <ProtectStructure>False</ProtectStructure>
  <ProtectWindows>False</ProtectWindows>
 </ExcelWorkbook>
 <Styles>
  <Style ss:ID="Default" ss:Name="Normal">
   <Alignment ss:Vertical="Center"/>
   <Borders/>
   <Font ss:FontName="等线" x:CharSet="134" ss:Size="11" ss:Color="#000000"/>
   <Interior/>
   <NumberFormat/>
   <Protection/>
  </Style>
  <Style ss:ID="m15682381584">
   <Alignment ss:Horizontal="Left" ss:Vertical="Center"/>
   <Borders>
    <Border ss:Position="Bottom" ss:LineStyle="Continuous" ss:Weight="1"/>
    <Border ss:Position="Left" ss:LineStyle="Continuous" ss:Weight="1"/>
    <Border ss:Position="Right" ss:LineStyle="Continuous" ss:Weight="1"/>
    <Border ss:Position="Top" ss:LineStyle="Continuous" ss:Weight="1"/>
   </Borders>
   <Font ss:FontName="Microsoft YaHei Light" x:CharSet="134" ss:Size="14"
    ss:Color="#000000" ss:Bold="1"/>
  </Style>
  <Style ss:ID="m15682381604">
   <Alignment ss:Horizontal="Center" ss:Vertical="Bottom"/>
   <Borders>
    <Border ss:Position="Bottom" ss:LineStyle="Continuous" ss:Weight="1"/>
    <Border ss:Position="Left" ss:LineStyle="Continuous" ss:Weight="1"/>
    <Border ss:Position="Right" ss:LineStyle="Continuous" ss:Weight="1"/>
    <Border ss:Position="Top" ss:LineStyle="Continuous" ss:Weight="1"/>
   </Borders>
   <Font ss:FontName="Microsoft YaHei Light" x:CharSet="134" ss:Size="14"
    ss:Color="#000000" ss:Bold="1"/>
  </Style>
  <Style ss:ID="m15682381624">
   <Alignment ss:Horizontal="Center" ss:Vertical="Center"/>
   <Borders>
    <Border ss:Position="Bottom" ss:LineStyle="Continuous" ss:Weight="1"/>
    <Border ss:Position="Left" ss:LineStyle="Continuous" ss:Weight="1"/>
    <Border ss:Position="Right" ss:LineStyle="Continuous" ss:Weight="1"/>
    <Border ss:Position="Top" ss:LineStyle="Continuous" ss:Weight="1"/>
   </Borders>
   <Font ss:FontName="Microsoft YaHei Light" x:CharSet="134" ss:Size="14"
    ss:Color="#000000" ss:Bold="1"/>
  </Style>
  <Style ss:ID="s16">
   <Alignment ss:Horizontal="Center" ss:Vertical="Center"/>
   <Borders>
    <Border ss:Position="Bottom" ss:LineStyle="Continuous" ss:Weight="1"/>
    <Border ss:Position="Left" ss:LineStyle="Continuous" ss:Weight="1"/>
    <Border ss:Position="Right" ss:LineStyle="Continuous" ss:Weight="1"/>
    <Border ss:Position="Top" ss:LineStyle="Continuous" ss:Weight="1"/>
   </Borders>
   <Font ss:FontName="Microsoft YaHei Light" x:CharSet="134" ss:Size="14"
    ss:Color="#000000" ss:Bold="1"/>
  </Style>
  <Style ss:ID="s75">
   <Alignment ss:Horizontal="Right" ss:Vertical="Center"/>
   <Borders>
    <Border ss:Position="Bottom" ss:LineStyle="Continuous" ss:Weight="1"/>
    <Border ss:Position="Left" ss:LineStyle="Continuous" ss:Weight="1"/>
    <Border ss:Position="Right" ss:LineStyle="Continuous" ss:Weight="1"/>
    <Border ss:Position="Top" ss:LineStyle="Continuous" ss:Weight="1"/>
   </Borders>
   <Font ss:FontName="Microsoft YaHei Light" x:CharSet="134" ss:Size="14"
    ss:Color="#000000" ss:Bold="1"/>
  </Style>
 </Styles>
 <Worksheet ss:Name="Sheet1">
  <Table ss:ExpandedColumnCount="2" ss:ExpandedRowCount="7" x:FullColumns="1"
   x:FullRows="1" ss:DefaultColumnWidth="53" ss:DefaultRowHeight="15">
   <Column ss:AutoFitWidth="0" ss:Width="119"/>
   <Column ss:AutoFitWidth="0" ss:Width="125"/>
   <Row ss:AutoFitHeight="0" ss:Height="48">
    <Cell ss:StyleID="s16"><Data ss:Type="String">小组成员</Data></Cell>
    <Cell ss:StyleID="s16"><Data ss:Type="String">贡献百分比</Data></Cell>
   </Row>
   <Row ss:AutoFitHeight="0" ss:Height="25">
    <Cell ss:MergeDown="1" ss:StyleID="m15682381584"><Data ss:Type="String">张一二</Data></Cell>
    <Cell ss:StyleID="s16"><Data ss:Type="Number">30</Data></Cell>
   </Row>
   <Row ss:AutoFitHeight="0" ss:Height="25">
    <Cell ss:Index="2" ss:MergeDown="1" ss:StyleID="m15682381604"><Data
      ss:Type="Number">15</Data></Cell>
   </Row>
   <Row ss:AutoFitHeight="0" ss:Height="25">
    <Cell ss:StyleID="s75"><Data ss:Type="String">张三</Data></Cell>
   </Row>
   <Row ss:AutoFitHeight="0" ss:Height="25">
    <Cell ss:StyleID="s16"><Data ss:Type="String">张四</Data></Cell>
    <Cell ss:StyleID="s16"><Data ss:Type="Number">15</Data></Cell>
   </Row>
   <Row ss:AutoFitHeight="0" ss:Height="25">
    <Cell ss:MergeAcross="1" ss:StyleID="m15682381624"><Data ss:Type="String">张五</Data></Cell>
   </Row>
   <Row ss:AutoFitHeight="0" ss:Height="25">
    <Cell ss:StyleID="s16"><Data ss:Type="String">张六</Data></Cell>
    <Cell ss:StyleID="s16"><Data ss:Type="Number">10</Data></Cell>
   </Row>
  </Table>
  <WorksheetOptions xmlns="urn:schemas-microsoft-com:office:excel">
   <PageSetup>
    <Header x:Margin="0.3"/>
    <Footer x:Margin="0.3"/>
    <PageMargins x:Bottom="0.75" x:Left="0.7" x:Right="0.7" x:Top="0.75"/>
   </PageSetup>
   <Print>
    <ValidPrinterInfo/>
    <PaperSizeIndex>9</PaperSizeIndex>
    <VerticalResolution>0</VerticalResolution>
   </Print>
   <Panes>
    <Pane>
     <Number>3</Number>
     <ActiveRow>3</ActiveRow>
     <ActiveCol>4</ActiveCol>
    </Pane>
   </Panes>
   <ProtectObjects>False</ProtectObjects>
   <ProtectScenarios>False</ProtectScenarios>
  </WorksheetOptions>
 </Worksheet>
 <Worksheet ss:Name="Sheet2">
  <Table ss:ExpandedColumnCount="1" ss:ExpandedRowCount="1" x:FullColumns="1"
   x:FullRows="1" ss:DefaultColumnWidth="65" ss:DefaultRowHeight="15">
   <Row>
    <Cell><Data ss:Type="String">table2</Data></Cell>
   </Row>
  </Table>
  <WorksheetOptions xmlns="urn:schemas-microsoft-com:office:excel">
   <PageSetup>
    <Header x:Margin="0.3"/>
    <Footer x:Margin="0.3"/>
    <PageMargins x:Bottom="0.75" x:Left="0.7" x:Right="0.7" x:Top="0.75"/>
   </PageSetup>
   <Selected/>
   <ProtectObjects>False</ProtectObjects>
   <ProtectScenarios>False</ProtectScenarios>
  </WorksheetOptions>
 </Worksheet>
</Workbook>
